<?xml version="1.0" encoding="UTF-8"?>
<!-- Generated by org.testng.reporters.JUnitReportReporter -->
<testsuite hostname="DESKTOP-9BQDLOS" failures="0" tests="1" name="com.abc.AppTest" time="0.009" errors="0" timestamp="2022-09-29T18:18:36 IST" skipped="0">
  <testcase classname="com.abc.AppTest" name="shouldAnswerWithTrue" time="0.009"/>
  <system-out/>
</testsuite> <!-- com.abc.AppTest -->
