<?xml version="1.0" encoding="UTF-8"?>
<!-- Generated by org.testng.reporters.JUnitReportReporter -->
<testsuite hostname="DESKTOP-9BQDLOS" failures="0" tests="1" name="com.abc.NewTest" time="11.787" errors="0" timestamp="2022-09-29T18:18:35 IST" skipped="0">
  <testcase classname="com.abc.NewTest" name="f" time="11.787"/>
  <system-out/>
</testsuite> <!-- com.abc.NewTest -->
